/usr/local/cuda/bin/nvcc -std=c++17 -O3 -lineinfo -arch=sm_70 -Xptxas=-v  -I ../header ../header/utils_big.cu open_boundary.cu -o open_boundary -lcurand
ptxas info    : 35 bytes gmem
ptxas info    : Compiling entry function '_ZN3cub18DeviceReduceKernelINS_18DeviceReducePolicyIffiNS_3SumEE9Policy600EPfS5_iS2_EEvT0_T1_T2_NS_13GridEvenShareIS8_EET3_' for 'sm_70'
ptxas info    : Function properties for _ZN3cub18DeviceReduceKernelINS_18DeviceReducePolicyIffiNS_3SumEE9Policy600EPfS5_iS2_EEvT0_T1_T2_NS_13GridEvenShareIS8_EET3_
    0 bytes stack frame, 0 bytes spill stores, 0 bytes spill loads
ptxas info    : Used 40 registers, 44 bytes smem, 413 bytes cmem[0]
ptxas info    : Compiling entry function '_ZN3cub28DeviceReduceSingleTileKernelINS_18DeviceReducePolicyIffiNS_3SumEE9Policy600EPfS5_iS2_fEEvT0_T1_T2_T3_T4_' for 'sm_70'
ptxas info    : Function properties for _ZN3cub28DeviceReduceSingleTileKernelINS_18DeviceReducePolicyIffiNS_3SumEE9Policy600EPfS5_iS2_fEEvT0_T1_T2_T3_T4_
    0 bytes stack frame, 0 bytes spill stores, 0 bytes spill loads
ptxas info    : Used 47 registers, 44 bytes smem, 380 bytes cmem[0]
ptxas info    : Compiling entry function '_ZN3cub18DeviceReduceKernelINS_18DeviceReducePolicyIN6thrust7complexIfEES4_iNS_3SumEE9Policy600EPS4_S8_iS5_EEvT0_T1_T2_NS_13GridEvenShareISB_EET3_' for 'sm_70'
ptxas info    : Function properties for _ZN3cub18DeviceReduceKernelINS_18DeviceReducePolicyIN6thrust7complexIfEES4_iNS_3SumEE9Policy600EPS4_S8_iS5_EEvT0_T1_T2_NS_13GridEvenShareISB_EET3_
    0 bytes stack frame, 0 bytes spill stores, 0 bytes spill loads
ptxas info    : Used 32 registers, 80 bytes smem, 413 bytes cmem[0]
ptxas info    : Compiling entry function '_ZN3cub28DeviceReduceSingleTileKernelINS_18DeviceReducePolicyIN6thrust7complexIfEES4_iNS_3SumEE9Policy600EPS4_S8_iS5_S4_EEvT0_T1_T2_T3_T4_' for 'sm_70'
ptxas info    : Function properties for _ZN3cub28DeviceReduceSingleTileKernelINS_18DeviceReducePolicyIN6thrust7complexIfEES4_iNS_3SumEE9Policy600EPS4_S8_iS5_S4_EEvT0_T1_T2_T3_T4_
    0 bytes stack frame, 0 bytes spill stores, 0 bytes spill loads
ptxas info    : Used 48 registers, 80 bytes smem, 384 bytes cmem[0]
ptxas info    : Compiling entry function '_ZN3cub11EmptyKernelIvEEvv' for 'sm_70'
ptxas info    : Function properties for _ZN3cub11EmptyKernelIvEEvv
    0 bytes stack frame, 0 bytes spill stores, 0 bytes spill loads
ptxas info    : Used 4 registers, 352 bytes cmem[0]
ptxas info    : Compiling entry function '_Z14calc_energy_obILb1EEvPfPaS1_S1_xxiPKf' for 'sm_70'
ptxas info    : Function properties for _Z14calc_energy_obILb1EEvPfPaS1_S1_xxiPKf
    0 bytes stack frame, 0 bytes spill stores, 0 bytes spill loads
ptxas info    : Used 42 registers, 416 bytes cmem[0]
ptxas info    : Compiling entry function '_Z17update_lattice_obILb0EEvPaS0_PKfS0_S2_xxiS2_' for 'sm_70'
ptxas info    : Function properties for _Z17update_lattice_obILb0EEvPaS0_PKfS0_S2_xxiS2_
    0 bytes stack frame, 0 bytes spill stores, 0 bytes spill loads
ptxas info    : Used 38 registers, 424 bytes cmem[0]
ptxas info    : Compiling entry function '_Z17update_lattice_obILb1EEvPaS0_PKfS0_S2_xxiS2_' for 'sm_70'
ptxas info    : Function properties for _Z17update_lattice_obILb1EEvPaS0_PKfS0_S2_xxiS2_
    0 bytes stack frame, 0 bytes spill stores, 0 bytes spill loads
ptxas info    : Used 38 registers, 424 bytes cmem[0]
ptxas info    : Compiling entry function '_Z17weighted_energiesPfS_PN6thrust7complexIfEES_ii' for 'sm_70'
ptxas info    : Function properties for _Z17weighted_energiesPfS_PN6thrust7complexIfEES_ii
    0 bytes stack frame, 0 bytes spill stores, 0 bytes spill loads
ptxas info    : Used 20 registers, 392 bytes cmem[0]
ptxas info    : Compiling entry function '_Z8exp_betaPfS_iii' for 'sm_70'
ptxas info    : Function properties for _Z8exp_betaPfS_iii
    0 bytes stack frame, 0 bytes spill stores, 0 bytes spill loads
ptxas info    : Used 20 registers, 380 bytes cmem[0]
ptxas info    : Compiling entry function '_Z10abs_squarePN6thrust7complexIfEEii' for 'sm_70'
ptxas info    : Function properties for _Z10abs_squarePN6thrust7complexIfEEii
    0 bytes stack frame, 0 bytes spill stores, 0 bytes spill loads
ptxas info    : Used 15 registers, 368 bytes cmem[0]
ptxas info    : Compiling entry function '_Z11calc_energyILb1EEvPfPaS1_S1_xxiPKf' for 'sm_70'
ptxas info    : Function properties for _Z11calc_energyILb1EEvPfPaS1_S1_xxiPKf
    0 bytes stack frame, 0 bytes spill stores, 0 bytes spill loads
ptxas info    : Used 32 registers, 416 bytes cmem[0]
ptxas info    : Compiling entry function '_Z11B2_latticesPaS_PKfPN6thrust7complexIfEEiii' for 'sm_70'
ptxas info    : Function properties for _Z11B2_latticesPaS_PKfPN6thrust7complexIfEEiii
    32 bytes stack frame, 0 bytes spill stores, 0 bytes spill loads
ptxas info    : Used 32 registers, 396 bytes cmem[0], 8 bytes cmem[2]
ptxas info    : Compiling entry function '_Z14update_latticeILb0EEvPaS0_PKfS0_S2_xxiS2_' for 'sm_70'
ptxas info    : Function properties for _Z14update_latticeILb0EEvPaS0_PKfS0_S2_xxiS2_
    0 bytes stack frame, 0 bytes spill stores, 0 bytes spill loads
ptxas info    : Used 30 registers, 424 bytes cmem[0]
ptxas info    : Compiling entry function '_Z14update_latticeILb1EEvPaS0_PKfS0_S2_xxiS2_' for 'sm_70'
ptxas info    : Function properties for _Z14update_latticeILb1EEvPaS0_PKfS0_S2_xxiS2_
    0 bytes stack frame, 0 bytes spill stores, 0 bytes spill loads
ptxas info    : Used 31 registers, 424 bytes cmem[0]
ptxas info    : Compiling entry function '_Z10init_spinsPaPKfxxi' for 'sm_70'
ptxas info    : Function properties for _Z10init_spinsPaPKfxxi
    0 bytes stack frame, 0 bytes spill stores, 0 bytes spill loads
ptxas info    : Used 10 registers, 388 bytes cmem[0]
ptxas info    : Compiling entry function '_Z15init_randombondPaPKfxxif' for 'sm_70'
ptxas info    : Function properties for _Z15init_randombondPaPKfxxif
    0 bytes stack frame, 0 bytes spill stores, 0 bytes spill loads
ptxas info    : Used 12 registers, 392 bytes cmem[0]
ptxas info    : Compiling entry function '_Z13init_spins_upPaxxi' for 'sm_70'
ptxas info    : Function properties for _Z13init_spins_upPaxxi
    0 bytes stack frame, 0 bytes spill stores, 0 bytes spill loads
ptxas info    : Used 10 registers, 380 bytes cmem[0]
open_boundary.cu(20): warning: conversion from a string literal to "char *" is deprecated

ptxas info    : 11 bytes gmem
ptxas info    : Compiling entry function '_ZN3cub18DeviceReduceKernelINS_18DeviceReducePolicyIffiNS_3SumEE9Policy600EPfS5_iS2_EEvT0_T1_T2_NS_13GridEvenShareIS8_EET3_' for 'sm_70'
ptxas info    : Function properties for _ZN3cub18DeviceReduceKernelINS_18DeviceReducePolicyIffiNS_3SumEE9Policy600EPfS5_iS2_EEvT0_T1_T2_NS_13GridEvenShareIS8_EET3_
    0 bytes stack frame, 0 bytes spill stores, 0 bytes spill loads
ptxas info    : Used 40 registers, 44 bytes smem, 413 bytes cmem[0]
ptxas info    : Compiling entry function '_ZN3cub28DeviceReduceSingleTileKernelINS_18DeviceReducePolicyIffiNS_3SumEE9Policy600EPfS5_iS2_fEEvT0_T1_T2_T3_T4_' for 'sm_70'
ptxas info    : Function properties for _ZN3cub28DeviceReduceSingleTileKernelINS_18DeviceReducePolicyIffiNS_3SumEE9Policy600EPfS5_iS2_fEEvT0_T1_T2_T3_T4_
    0 bytes stack frame, 0 bytes spill stores, 0 bytes spill loads
ptxas info    : Used 47 registers, 44 bytes smem, 380 bytes cmem[0]
ptxas info    : Compiling entry function '_ZN3cub11EmptyKernelIvEEvv' for 'sm_70'
ptxas info    : Function properties for _ZN3cub11EmptyKernelIvEEvv
    0 bytes stack frame, 0 bytes spill stores, 0 bytes spill loads
ptxas info    : Used 4 registers, 352 bytes cmem[0]
open_boundary.cu(20): warning: conversion from a string literal to "char *" is deprecated

Started Simulation of Lattice 512
Error 0 of 200
