/usr/local/cuda/bin/nvcc -std=c++17 -O3 -lineinfo -arch=sm_70 -Xptxas=-v  -I ../header ../header/utils_big.cu open_boundary.cu -o open_boundary -lcurand
ptxas info    : 35 bytes gmem
ptxas info    : Compiling entry function '_ZN3cub18DeviceReduceKernelINS_18DeviceReducePolicyIffiNS_3SumEE9Policy600EPfS5_iS2_EEvT0_T1_T2_NS_13GridEvenShareIS8_EET3_' for 'sm_70'
ptxas info    : Function properties for _ZN3cub18DeviceReduceKernelINS_18DeviceReducePolicyIffiNS_3SumEE9Policy600EPfS5_iS2_EEvT0_T1_T2_NS_13GridEvenShareIS8_EET3_
    0 bytes stack frame, 0 bytes spill stores, 0 bytes spill loads
ptxas info    : Used 40 registers, 44 bytes smem, 413 bytes cmem[0]
ptxas info    : Compiling entry function '_ZN3cub28DeviceReduceSingleTileKernelINS_18DeviceReducePolicyIffiNS_3SumEE9Policy600EPfS5_iS2_fEEvT0_T1_T2_T3_T4_' for 'sm_70'
ptxas info    : Function properties for _ZN3cub28DeviceReduceSingleTileKernelINS_18DeviceReducePolicyIffiNS_3SumEE9Policy600EPfS5_iS2_fEEvT0_T1_T2_T3_T4_
    0 bytes stack frame, 0 bytes spill stores, 0 bytes spill loads
ptxas info    : Used 47 registers, 44 bytes smem, 380 bytes cmem[0]
ptxas info    : Compiling entry function '_ZN3cub18DeviceReduceKernelINS_18DeviceReducePolicyIN6thrust7complexIfEES4_iNS_3SumEE9Policy600EPS4_S8_iS5_EEvT0_T1_T2_NS_13GridEvenShareISB_EET3_' for 'sm_70'
ptxas info    : Function properties for _ZN3cub18DeviceReduceKernelINS_18DeviceReducePolicyIN6thrust7complexIfEES4_iNS_3SumEE9Policy600EPS4_S8_iS5_EEvT0_T1_T2_NS_13GridEvenShareISB_EET3_
    0 bytes stack frame, 0 bytes spill stores, 0 bytes spill loads
ptxas info    : Used 32 registers, 80 bytes smem, 413 bytes cmem[0]
ptxas info    : Compiling entry function '_ZN3cub28DeviceReduceSingleTileKernelINS_18DeviceReducePolicyIN6thrust7complexIfEES4_iNS_3SumEE9Policy600EPS4_S8_iS5_S4_EEvT0_T1_T2_T3_T4_' for 'sm_70'
ptxas info    : Function properties for _ZN3cub28DeviceReduceSingleTileKernelINS_18DeviceReducePolicyIN6thrust7complexIfEES4_iNS_3SumEE9Policy600EPS4_S8_iS5_S4_EEvT0_T1_T2_T3_T4_
    0 bytes stack frame, 0 bytes spill stores, 0 bytes spill loads
ptxas info    : Used 48 registers, 80 bytes smem, 384 bytes cmem[0]
ptxas info    : Compiling entry function '_ZN3cub11EmptyKernelIvEEvv' for 'sm_70'
ptxas info    : Function properties for _ZN3cub11EmptyKernelIvEEvv
    0 bytes stack frame, 0 bytes spill stores, 0 bytes spill loads
ptxas info    : Used 4 registers, 352 bytes cmem[0]
ptxas info    : Compiling entry function '_Z14calc_energy_obILb1EEvPfPaS1_S1_xxiPKf' for 'sm_70'
ptxas info    : Function properties for _Z14calc_energy_obILb1EEvPfPaS1_S1_xxiPKf
    0 bytes stack frame, 0 bytes spill stores, 0 bytes spill loads
ptxas info    : Used 42 registers, 416 bytes cmem[0]
ptxas info    : Compiling entry function '_Z17update_lattice_obILb0EEvPaS0_PKfS0_S2_xxiS2_' for 'sm_70'
ptxas info    : Function properties for _Z17update_lattice_obILb0EEvPaS0_PKfS0_S2_xxiS2_
    0 bytes stack frame, 0 bytes spill stores, 0 bytes spill loads
ptxas info    : Used 38 registers, 424 bytes cmem[0]
ptxas info    : Compiling entry function '_Z17update_lattice_obILb1EEvPaS0_PKfS0_S2_xxiS2_' for 'sm_70'
ptxas info    : Function properties for _Z17update_lattice_obILb1EEvPaS0_PKfS0_S2_xxiS2_
    0 bytes stack frame, 0 bytes spill stores, 0 bytes spill loads
ptxas info    : Used 38 registers, 424 bytes cmem[0]
ptxas info    : Compiling entry function '_Z17weighted_energiesPfS_PN6thrust7complexIfEES_ii' for 'sm_70'
ptxas info    : Function properties for _Z17weighted_energiesPfS_PN6thrust7complexIfEES_ii
    0 bytes stack frame, 0 bytes spill stores, 0 bytes spill loads
ptxas info    : Used 20 registers, 392 bytes cmem[0]
ptxas info    : Compiling entry function '_Z8exp_betaPfS_iii' for 'sm_70'
ptxas info    : Function properties for _Z8exp_betaPfS_iii
    0 bytes stack frame, 0 bytes spill stores, 0 bytes spill loads
ptxas info    : Used 20 registers, 380 bytes cmem[0]
ptxas info    : Compiling entry function '_Z10abs_squarePN6thrust7complexIfEEii' for 'sm_70'
ptxas info    : Function properties for _Z10abs_squarePN6thrust7complexIfEEii
    0 bytes stack frame, 0 bytes spill stores, 0 bytes spill loads
ptxas info    : Used 15 registers, 368 bytes cmem[0]
ptxas info    : Compiling entry function '_Z11calc_energyILb1EEvPfPaS1_S1_xxiPKf' for 'sm_70'
ptxas info    : Function properties for _Z11calc_energyILb1EEvPfPaS1_S1_xxiPKf
    0 bytes stack frame, 0 bytes spill stores, 0 bytes spill loads
ptxas info    : Used 32 registers, 416 bytes cmem[0]
ptxas info    : Compiling entry function '_Z11B2_latticesPaS_PKfPN6thrust7complexIfEEiii' for 'sm_70'
ptxas info    : Function properties for _Z11B2_latticesPaS_PKfPN6thrust7complexIfEEiii
    32 bytes stack frame, 0 bytes spill stores, 0 bytes spill loads
ptxas info    : Used 32 registers, 396 bytes cmem[0], 8 bytes cmem[2]
ptxas info    : Compiling entry function '_Z14update_latticeILb0EEvPaS0_PKfS0_S2_xxiS2_' for 'sm_70'
ptxas info    : Function properties for _Z14update_latticeILb0EEvPaS0_PKfS0_S2_xxiS2_
    0 bytes stack frame, 0 bytes spill stores, 0 bytes spill loads
ptxas info    : Used 30 registers, 424 bytes cmem[0]
ptxas info    : Compiling entry function '_Z14update_latticeILb1EEvPaS0_PKfS0_S2_xxiS2_' for 'sm_70'
ptxas info    : Function properties for _Z14update_latticeILb1EEvPaS0_PKfS0_S2_xxiS2_
    0 bytes stack frame, 0 bytes spill stores, 0 bytes spill loads
ptxas info    : Used 31 registers, 424 bytes cmem[0]
ptxas info    : Compiling entry function '_Z10init_spinsPaPKfxxi' for 'sm_70'
ptxas info    : Function properties for _Z10init_spinsPaPKfxxi
    0 bytes stack frame, 0 bytes spill stores, 0 bytes spill loads
ptxas info    : Used 10 registers, 388 bytes cmem[0]
ptxas info    : Compiling entry function '_Z15init_randombondPaPKfxxif' for 'sm_70'
ptxas info    : Function properties for _Z15init_randombondPaPKfxxif
    0 bytes stack frame, 0 bytes spill stores, 0 bytes spill loads
ptxas info    : Used 12 registers, 392 bytes cmem[0]
ptxas info    : Compiling entry function '_Z13init_spins_upPaxxi' for 'sm_70'
ptxas info    : Function properties for _Z13init_spins_upPaxxi
    0 bytes stack frame, 0 bytes spill stores, 0 bytes spill loads
ptxas info    : Used 10 registers, 380 bytes cmem[0]
open_boundary.cu(20): warning: conversion from a string literal to "char *" is deprecated

ptxas info    : 11 bytes gmem
ptxas info    : Compiling entry function '_ZN3cub18DeviceReduceKernelINS_18DeviceReducePolicyIffiNS_3SumEE9Policy600EPfS5_iS2_EEvT0_T1_T2_NS_13GridEvenShareIS8_EET3_' for 'sm_70'
ptxas info    : Function properties for _ZN3cub18DeviceReduceKernelINS_18DeviceReducePolicyIffiNS_3SumEE9Policy600EPfS5_iS2_EEvT0_T1_T2_NS_13GridEvenShareIS8_EET3_
    0 bytes stack frame, 0 bytes spill stores, 0 bytes spill loads
ptxas info    : Used 40 registers, 44 bytes smem, 413 bytes cmem[0]
ptxas info    : Compiling entry function '_ZN3cub28DeviceReduceSingleTileKernelINS_18DeviceReducePolicyIffiNS_3SumEE9Policy600EPfS5_iS2_fEEvT0_T1_T2_T3_T4_' for 'sm_70'
ptxas info    : Function properties for _ZN3cub28DeviceReduceSingleTileKernelINS_18DeviceReducePolicyIffiNS_3SumEE9Policy600EPfS5_iS2_fEEvT0_T1_T2_T3_T4_
    0 bytes stack frame, 0 bytes spill stores, 0 bytes spill loads
ptxas info    : Used 47 registers, 44 bytes smem, 380 bytes cmem[0]
ptxas info    : Compiling entry function '_ZN3cub11EmptyKernelIvEEvv' for 'sm_70'
ptxas info    : Function properties for _ZN3cub11EmptyKernelIvEEvv
    0 bytes stack frame, 0 bytes spill stores, 0 bytes spill loads
ptxas info    : Used 4 registers, 352 bytes cmem[0]
open_boundary.cu(20): warning: conversion from a string literal to "char *" is deprecated

Started Simulation of Lattice 512
Error 0 of 200
Error 1 of 200
Error 2 of 200
Error 3 of 200
Error 4 of 200
Error 5 of 200
Error 6 of 200
Error 7 of 200
Error 8 of 200
Error 9 of 200
Error 10 of 200
Error 11 of 200
Error 12 of 200
Error 13 of 200
Error 14 of 200
Error 15 of 200
Error 16 of 200
Error 17 of 200
Error 18 of 200
Error 19 of 200
Error 20 of 200
Error 21 of 200
Error 22 of 200
Error 23 of 200
Error 24 of 200
Error 25 of 200
Error 26 of 200
Error 27 of 200
Error 28 of 200
Error 29 of 200
Error 30 of 200
Error 31 of 200
Error 32 of 200
Error 33 of 200
Error 34 of 200
Error 35 of 200
Error 36 of 200
Error 37 of 200
Error 38 of 200
Error 39 of 200
Error 40 of 200
Error 41 of 200
Error 42 of 200
Error 43 of 200
Error 44 of 200
Error 45 of 200
Error 46 of 200
Error 47 of 200
Error 48 of 200
Error 49 of 200
Error 50 of 200
Error 51 of 200
Error 52 of 200
Error 53 of 200
Error 54 of 200
Error 55 of 200
Error 56 of 200
Error 57 of 200
Error 58 of 200
Error 59 of 200
Error 60 of 200
Error 61 of 200
Error 62 of 200
Error 63 of 200
Error 64 of 200
Error 65 of 200
Error 66 of 200
Error 67 of 200
Error 68 of 200
Error 69 of 200
Error 70 of 200
Error 71 of 200
Error 72 of 200
Error 73 of 200
Error 74 of 200
Error 75 of 200
Error 76 of 200
Error 77 of 200
Error 78 of 200
Error 79 of 200
Error 80 of 200
Error 81 of 200
Error 82 of 200
Error 83 of 200
Error 84 of 200
Error 85 of 200
Error 86 of 200
Error 87 of 200
Error 88 of 200
Error 89 of 200
Error 90 of 200
Error 91 of 200
Error 92 of 200
Error 93 of 200
Error 94 of 200
Error 95 of 200
Error 96 of 200
Error 97 of 200
Error 98 of 200
Error 99 of 200
Error 100 of 200
Error 101 of 200
Error 102 of 200
Error 103 of 200
Error 104 of 200
Error 105 of 200
Error 106 of 200
Error 107 of 200
Error 108 of 200
Error 109 of 200
Error 110 of 200
Error 111 of 200
Error 112 of 200
Error 113 of 200
Error 114 of 200
Error 115 of 200
Error 116 of 200
Error 117 of 200
Error 118 of 200
Error 119 of 200
Error 120 of 200
Error 121 of 200
Error 122 of 200
Error 123 of 200
Error 124 of 200
Error 125 of 200
Error 126 of 200
Error 127 of 200
Error 128 of 200
Error 129 of 200
Error 130 of 200
Error 131 of 200
Error 132 of 200
Error 133 of 200
Error 134 of 200
Error 135 of 200
Error 136 of 200
Error 137 of 200
Error 138 of 200
Error 139 of 200
Error 140 of 200
Error 141 of 200
Error 142 of 200
Error 143 of 200
Error 144 of 200
Error 145 of 200
Error 146 of 200
Error 147 of 200
Error 148 of 200
Error 149 of 200
Error 150 of 200
Error 151 of 200
Error 152 of 200
Error 153 of 200
Error 154 of 200
Error 155 of 200
Error 156 of 200
Error 157 of 200
Error 158 of 200
Error 159 of 200
Error 160 of 200
Error 161 of 200
Error 162 of 200
Error 163 of 200
Error 164 of 200
Error 165 of 200
Error 166 of 200
Error 167 of 200
Error 168 of 200
Error 169 of 200
Error 170 of 200
Error 171 of 200
Error 172 of 200
Error 173 of 200
Error 174 of 200
Error 175 of 200
Error 176 of 200
Error 177 of 200
Error 178 of 200
Error 179 of 200
Error 180 of 200
Error 181 of 200
Error 182 of 200
Error 183 of 200
Error 184 of 200
Error 185 of 200
Error 186 of 200
Error 187 of 200
Error 188 of 200
Error 189 of 200
Error 190 of 200
Error 191 of 200
Error 192 of 200
Error 193 of 200
Error 194 of 200
Error 195 of 200
Error 196 of 200
Error 197 of 200
Error 198 of 200
Error 199 of 200
Elapsed time for temperature loop min 18.283333 
